Temp/gradleOut/unityLibrary/build/intermediates/manifest_merge_blame_file/release/manifest-merger-blame-release-report.txt
1<?xml version="1.0" encoding="utf-8"?>
2<!-- GENERATED BY UNITY. REMOVE THIS COMMENT TO PREVENT OVERWRITING WHEN EXPORTING AGAIN -->
3<manifest xmlns:android="http://schemas.android.com/apk/res/android"
4    xmlns:tools="http://schemas.android.com/tools"
5    package="com.unity3d.player"
6    android:versionCode="1"
7    android:versionName="0.1" >
8
9    <uses-sdk
10        android:minSdkVersion="23"
10-->src/main/AndroidManifest.xml
11        android:targetSdkVersion="30" />
11-->src/main/AndroidManifest.xml
12
13    <uses-feature android:glEsVersion="0x00020000" />
13-->src/main/AndroidManifest.xml:18:3-52
13-->src/main/AndroidManifest.xml:18:17-49
14
15    <uses-permission android:name="android.permission.INTERNET" />
15-->src/main/AndroidManifest.xml:19:3-65
15-->src/main/AndroidManifest.xml:19:20-62
16    <uses-permission android:name="android.permission.CAMERA" />
16-->src/main/AndroidManifest.xml:20:3-63
16-->src/main/AndroidManifest.xml:20:20-60
17
18    <uses-feature
18-->src/main/AndroidManifest.xml:21:3-83
19        android:name="android.hardware.camera"
19-->src/main/AndroidManifest.xml:21:17-55
20        android:required="false" />
20-->src/main/AndroidManifest.xml:21:56-80
21    <uses-feature
21-->src/main/AndroidManifest.xml:22:3-93
22        android:name="android.hardware.camera.autofocus"
22-->src/main/AndroidManifest.xml:22:17-65
23        android:required="false" />
23-->src/main/AndroidManifest.xml:22:66-90
24    <uses-feature
24-->src/main/AndroidManifest.xml:23:3-89
25        android:name="android.hardware.camera.front"
25-->src/main/AndroidManifest.xml:23:17-61
26        android:required="false" />
26-->src/main/AndroidManifest.xml:23:62-86
27    <uses-feature
27-->src/main/AndroidManifest.xml:24:3-88
28        android:name="android.hardware.touchscreen"
28-->src/main/AndroidManifest.xml:24:17-60
29        android:required="false" />
29-->src/main/AndroidManifest.xml:24:61-85
30    <uses-feature
30-->src/main/AndroidManifest.xml:25:3-99
31        android:name="android.hardware.touchscreen.multitouch"
31-->src/main/AndroidManifest.xml:25:17-71
32        android:required="false" />
32-->src/main/AndroidManifest.xml:25:72-96
33    <uses-feature
33-->src/main/AndroidManifest.xml:26:3-108
34        android:name="android.hardware.touchscreen.multitouch.distinct"
34-->src/main/AndroidManifest.xml:26:17-80
35        android:required="false" />
35-->src/main/AndroidManifest.xml:26:81-105
36
37    <application android:isGame="true" >
37-->src/main/AndroidManifest.xml:4:3-17:17
37-->src/main/AndroidManifest.xml:4:16-37
38        <activity
38-->src/main/AndroidManifest.xml:5:5-12:16
39            android:name="com.unity3d.player.UnityPlayerActivity"
39-->src/main/AndroidManifest.xml:5:15-68
40            android:configChanges="mcc|mnc|locale|touchscreen|keyboard|keyboardHidden|navigation|orientation|screenLayout|uiMode|screenSize|smallestScreenSize|fontScale|layoutDirection|density"
40-->src/main/AndroidManifest.xml:5:182-363
41            android:hardwareAccelerated="false"
41-->src/main/AndroidManifest.xml:5:399-434
42            android:launchMode="singleTask"
42-->src/main/AndroidManifest.xml:5:150-181
43            android:resizeableActivity="false"
43-->src/main/AndroidManifest.xml:5:364-398
44            android:screenOrientation="fullSensor"
44-->src/main/AndroidManifest.xml:5:111-149
45            android:theme="@style/UnityThemeSelector" >
45-->src/main/AndroidManifest.xml:5:69-110
46            <intent-filter>
46-->src/main/AndroidManifest.xml:6:7-10:23
47                <action android:name="android.intent.action.MAIN" />
47-->src/main/AndroidManifest.xml:7:9-61
47-->src/main/AndroidManifest.xml:7:17-58
48
49                <category android:name="android.intent.category.LAUNCHER" />
49-->src/main/AndroidManifest.xml:8:9-69
49-->src/main/AndroidManifest.xml:8:19-66
50                <category android:name="android.intent.category.LEANBACK_LAUNCHER" />
50-->src/main/AndroidManifest.xml:9:9-78
50-->src/main/AndroidManifest.xml:9:19-75
51            </intent-filter>
52
53            <meta-data
53-->src/main/AndroidManifest.xml:11:7-82
54                android:name="unityplayer.UnityActivity"
54-->src/main/AndroidManifest.xml:11:18-58
55                android:value="true" />
55-->src/main/AndroidManifest.xml:11:59-79
56        </activity>
57
58        <meta-data
58-->src/main/AndroidManifest.xml:13:5-69
59            android:name="unity.splash-mode"
59-->src/main/AndroidManifest.xml:13:16-48
60            android:value="0" />
60-->src/main/AndroidManifest.xml:13:49-66
61        <meta-data
61-->src/main/AndroidManifest.xml:14:5-74
62            android:name="unity.splash-enable"
62-->src/main/AndroidManifest.xml:14:16-50
63            android:value="True" />
63-->src/main/AndroidManifest.xml:14:51-71
64        <meta-data
64-->src/main/AndroidManifest.xml:15:5-84
65            android:name="unity.allow-resizable-window"
65-->src/main/AndroidManifest.xml:15:16-59
66            android:value="False" />
66-->src/main/AndroidManifest.xml:15:60-81
67        <meta-data
67-->src/main/AndroidManifest.xml:16:5-101
68            android:name="unity.build-id"
68-->src/main/AndroidManifest.xml:16:16-45
69            android:value="59cd9014-9f6e-41d3-8b1e-52186ea8aac2" />
69-->src/main/AndroidManifest.xml:16:46-98
70    </application>
71
72</manifest>